2017-04-23T21:23:07.769+0200 I CONTROL  [initandlisten] MongoDB starting : pid=10868 port=27017 dbpath=C:\Users\Barlo\Documents\DrinkUp\DrinkUp.WebApi\DrinkUp.WebApi\AppData\data 64-bit host=DESKTOP-65HO0R7
2017-04-23T21:23:07.770+0200 I CONTROL  [initandlisten] targetMinOS: Windows 7/Windows Server 2008 R2
2017-04-23T21:23:07.770+0200 I CONTROL  [initandlisten] db version v3.4.4
2017-04-23T21:23:07.770+0200 I CONTROL  [initandlisten] git version: 888390515874a9debd1b6c5d36559ca86b44babd
2017-04-23T21:23:07.771+0200 I CONTROL  [initandlisten] OpenSSL version: OpenSSL 1.0.1u-fips  22 Sep 2016
2017-04-23T21:23:07.771+0200 I CONTROL  [initandlisten] allocator: tcmalloc
2017-04-23T21:23:07.771+0200 I CONTROL  [initandlisten] modules: none
2017-04-23T21:23:07.771+0200 I CONTROL  [initandlisten] build environment:
2017-04-23T21:23:07.771+0200 I CONTROL  [initandlisten]     distmod: 2008plus-ssl
2017-04-23T21:23:07.772+0200 I CONTROL  [initandlisten]     distarch: x86_64
2017-04-23T21:23:07.772+0200 I CONTROL  [initandlisten]     target_arch: x86_64
2017-04-23T21:23:07.772+0200 I CONTROL  [initandlisten] options: { config: "C:\Users\Barlo\Documents\DrinkUp\DrinkUp.WebApi\DrinkUp.WebApi\mongod.cfg", security: { authorization: "enabled" }, storage: { dbPath: "C:\Users\Barlo\Documents\DrinkUp\DrinkUp.WebApi\DrinkUp.WebApi\AppData\data" }, systemLog: { destination: "file", logAppend: true, path: "C:\Users\Barlo\Documents\DrinkUp\DrinkUp.WebApi\DrinkUp.WebApi\AppData\mongo.log" } }
2017-04-23T21:23:07.772+0200 I STORAGE  [initandlisten] exception in initAndListen: 29 Data directory C:\Users\Barlo\Documents\DrinkUp\DrinkUp.WebApi\DrinkUp.WebApi\AppData\data not found., terminating
2017-04-23T21:23:07.772+0200 I NETWORK  [initandlisten] shutdown: going to close listening sockets...
2017-04-23T21:23:07.772+0200 I NETWORK  [initandlisten] shutdown: going to flush diaglog...
2017-04-23T21:23:07.772+0200 I CONTROL  [initandlisten] now exiting
2017-04-23T21:23:07.772+0200 I CONTROL  [initandlisten] shutting down with code:100
2017-04-23T21:28:01.500+0200 I CONTROL  [main] ***** SERVER RESTARTED *****
2017-04-23T21:28:02.008+0200 I CONTROL  [initandlisten] MongoDB starting : pid=12932 port=27017 dbpath=C:\Users\Barlo\Documents\DrinkUp\DrinkUp.WebApi\DrinkUp.WebApi\AppData\data 64-bit host=DESKTOP-65HO0R7
2017-04-23T21:28:02.008+0200 I CONTROL  [initandlisten] targetMinOS: Windows 7/Windows Server 2008 R2
2017-04-23T21:28:02.008+0200 I CONTROL  [initandlisten] db version v3.4.4
2017-04-23T21:28:02.009+0200 I CONTROL  [initandlisten] git version: 888390515874a9debd1b6c5d36559ca86b44babd
2017-04-23T21:28:02.009+0200 I CONTROL  [initandlisten] OpenSSL version: OpenSSL 1.0.1u-fips  22 Sep 2016
2017-04-23T21:28:02.009+0200 I CONTROL  [initandlisten] allocator: tcmalloc
2017-04-23T21:28:02.009+0200 I CONTROL  [initandlisten] modules: none
2017-04-23T21:28:02.009+0200 I CONTROL  [initandlisten] build environment:
2017-04-23T21:28:02.009+0200 I CONTROL  [initandlisten]     distmod: 2008plus-ssl
2017-04-23T21:28:02.009+0200 I CONTROL  [initandlisten]     distarch: x86_64
2017-04-23T21:28:02.009+0200 I CONTROL  [initandlisten]     target_arch: x86_64
2017-04-23T21:28:02.009+0200 I CONTROL  [initandlisten] options: { config: "C:\Users\Barlo\Documents\DrinkUp\DrinkUp.WebApi\DrinkUp.WebApi\mongod.cfg", security: { authorization: "enabled" }, storage: { dbPath: "C:\Users\Barlo\Documents\DrinkUp\DrinkUp.WebApi\DrinkUp.WebApi\AppData\data" }, systemLog: { destination: "file", logAppend: true, path: "C:\Users\Barlo\Documents\DrinkUp\DrinkUp.WebApi\DrinkUp.WebApi\AppData\mongo.log" } }
2017-04-23T21:28:02.009+0200 I STORAGE  [initandlisten] exception in initAndListen: 29 Data directory C:\Users\Barlo\Documents\DrinkUp\DrinkUp.WebApi\DrinkUp.WebApi\AppData\data not found., terminating
2017-04-23T21:28:02.009+0200 I NETWORK  [initandlisten] shutdown: going to close listening sockets...
2017-04-23T21:28:02.009+0200 I NETWORK  [initandlisten] shutdown: going to flush diaglog...
2017-04-23T21:28:02.009+0200 I CONTROL  [initandlisten] now exiting
2017-04-23T21:28:02.009+0200 I CONTROL  [initandlisten] shutting down with code:100
